<?xml version="1.0" encoding="UTF-8"?>
<testng-results ignored="0" total="6" passed="6" failed="0" skipped="0">
  <reporter-output>
  </reporter-output>
  <suite started-at="2023-03-30T16:53:28 IST" name="mytestsuite" finished-at="2023-03-30T16:53:28 IST" duration-ms="153">
    <groups>
    </groups>
    <test started-at="2023-03-30T16:53:28 IST" name="suite_example" finished-at="2023-03-30T16:53:28 IST" duration-ms="153">
      <class name="com.ust.tests.Thirdtest">
        <test-method is-config="true" signature="beforeTest()[pri:0, instance:com.ust.tests.Thirdtest@3c22fc4c]" started-at="2023-03-30T16:53:28 IST" name="beforeTest" finished-at="2023-03-30T16:53:28 IST" duration-ms="1" status="PASS">
          <reporter-output>
          </reporter-output>
        </test-method> <!-- beforeTest -->
        <test-method signature="f()[pri:1, instance:com.ust.tests.Thirdtest@3c22fc4c]" started-at="2023-03-30T16:53:28 IST" name="f" description="this is executed first" finished-at="2023-03-30T16:53:28 IST" duration-ms="6" status="PASS">
          <reporter-output>
          </reporter-output>
        </test-method> <!-- f -->
        <test-method signature="a()[pri:2, instance:com.ust.tests.Thirdtest@3c22fc4c]" started-at="2023-03-30T16:53:28 IST" name="a" description="tests description" finished-at="2023-03-30T16:53:28 IST" duration-ms="1" status="PASS">
          <reporter-output>
          </reporter-output>
        </test-method> <!-- a -->
        <test-method is-config="true" signature="afterTest()[pri:0, instance:com.ust.tests.Thirdtest@3c22fc4c]" started-at="2023-03-30T16:53:28 IST" name="afterTest" finished-at="2023-03-30T16:53:28 IST" duration-ms="1" status="PASS">
          <reporter-output>
          </reporter-output>
        </test-method> <!-- afterTest -->
      </class> <!-- com.ust.tests.Thirdtest -->
      <class name="com.ust.tests.Secondtest">
        <test-method is-config="true" signature="beforeTest()[pri:0, instance:com.ust.tests.Secondtest@7f552bd3]" started-at="2023-03-30T16:53:28 IST" name="beforeTest" finished-at="2023-03-30T16:53:28 IST" duration-ms="0" status="PASS">
          <reporter-output>
          </reporter-output>
        </test-method> <!-- beforeTest -->
        <test-method signature="f()[pri:1, instance:com.ust.tests.Secondtest@7f552bd3]" started-at="2023-03-30T16:53:28 IST" name="f" description="this is executed first" finished-at="2023-03-30T16:53:28 IST" duration-ms="8" status="PASS">
          <reporter-output>
          </reporter-output>
        </test-method> <!-- f -->
        <test-method signature="a()[pri:2, instance:com.ust.tests.Secondtest@7f552bd3]" started-at="2023-03-30T16:53:28 IST" name="a" description="tests description" finished-at="2023-03-30T16:53:28 IST" duration-ms="2" status="PASS">
          <reporter-output>
          </reporter-output>
        </test-method> <!-- a -->
        <test-method is-config="true" signature="afterTest()[pri:0, instance:com.ust.tests.Secondtest@7f552bd3]" started-at="2023-03-30T16:53:28 IST" name="afterTest" finished-at="2023-03-30T16:53:28 IST" duration-ms="1" status="PASS">
          <reporter-output>
          </reporter-output>
        </test-method> <!-- afterTest -->
      </class> <!-- com.ust.tests.Secondtest -->
      <class name="com.ust.tests.Firsttests">
        <test-method is-config="true" signature="beforeTest()[pri:0, instance:com.ust.tests.Firsttests@4ddced80]" started-at="2023-03-30T16:53:28 IST" name="beforeTest" finished-at="2023-03-30T16:53:28 IST" duration-ms="20" status="PASS">
          <reporter-output>
          </reporter-output>
        </test-method> <!-- beforeTest -->
        <test-method signature="f()[pri:1, instance:com.ust.tests.Firsttests@4ddced80]" started-at="2023-03-30T16:53:28 IST" name="f" description="this is executed first" finished-at="2023-03-30T16:53:28 IST" duration-ms="10" status="PASS">
          <reporter-output>
          </reporter-output>
        </test-method> <!-- f -->
        <test-method signature="a()[pri:2, instance:com.ust.tests.Firsttests@4ddced80]" started-at="2023-03-30T16:53:28 IST" name="a" description="tests description" finished-at="2023-03-30T16:53:28 IST" duration-ms="2" status="PASS">
          <reporter-output>
          </reporter-output>
        </test-method> <!-- a -->
        <test-method is-config="true" signature="afterTest()[pri:0, instance:com.ust.tests.Firsttests@4ddced80]" started-at="2023-03-30T16:53:28 IST" name="afterTest" finished-at="2023-03-30T16:53:28 IST" duration-ms="1" status="PASS">
          <reporter-output>
          </reporter-output>
        </test-method> <!-- afterTest -->
      </class> <!-- com.ust.tests.Firsttests -->
    </test> <!-- suite_example -->
  </suite> <!-- mytestsuite -->
</testng-results>
