<?xml version="1.0" encoding="UTF-8"?>
<!-- Generated by org.testng.reporters.JUnitXMLReporter -->
<testsuite ignored="0" hostname="7fe4c55ea029530" failures="0" tests="6" name="suite_example" time="0.153" errors="0" timestamp="2023-03-30T16:53:28 IST">
  <testcase classname="com.ust.tests.Firsttests" name="f" time="0.01"/>
  <testcase classname="com.ust.tests.Firsttests" name="a" time="0.002"/>
  <testcase classname="com.ust.tests.Secondtest" name="f" time="0.008"/>
  <testcase classname="com.ust.tests.Secondtest" name="a" time="0.002"/>
  <testcase classname="com.ust.tests.Thirdtest" name="f" time="0.006"/>
  <testcase classname="com.ust.tests.Thirdtest" name="a" time="0.001"/>
</testsuite> <!-- suite_example -->
